[93m⚠️ SHX Home Directory already exists at /home/neo/dev/shx[0m
[93m⚠️ SHX Home Directory already exists at /home/neo/dev/shx[0m
[93m⚠️ SHX Home Directory already exists at /home/neo/dev/shx[0m
[93m⚠️ SHX Home Directory already exists at /home/neo/dev/shx[0m
[93m⚠️ SHX Home Directory already exists at /home/neo/dev/shx[0m
[93m⚠️ SHX Home Directory already exists at /home/neo/dev/shx[0m
[93m⚠️ SHX Home Directory already exists at /home/neo/dev/shx[0m
[93m⚠️ SHX Home Directory already exists at /home/neo/dev/shx[0m
[91m❌ Pipeline script for 'pipline' not found.[0m
[93m⚠️ SHX Home Directory already exists at /home/neo/dev/shx[0m
[93m⚠️ SHX Home Directory already exists at /home/neo/dev/shx[0m
[93m⚠️ SHX Home Directory already exists at /home/neo/dev/shx[0m
[93m⚠️ SHX Home Directory already exists at /home/neo/dev/shx[0m
[93m⚠️ SHX Home Directory already exists at /home/neo/dev/shx[0m
[93m⚠️ SHX Home Directory already exists at /home/neo/dev/shx[0m
[93m⚠️ SHX Home Directory already exists at /home/neo/dev/shx[0m
[93m⚠️ SHX Home Directory already exists at /home/neo/dev/shx[0m
[93m⚠️ SHX Home Directory already exists at /home/neo/dev/shx[0m
[93m⚠️ SHX Home Directory already exists at /home/neo/dev/shx[0m
[96m🛠 Running Pipeline Script for landing-page...[0m
[93m⚠️ SHX Home Directory already exists at /home/neo/dev/shx[0m
[92m✅ GitHub login saved for user: subatomicERROR[0m
[93m⚠️ SHX Home Directory already exists at /home/neo/dev/shx[0m
[91m❌ Pipeline script for 'landing' not found.[0m
[93m⚠️ SHX Home Directory already exists at /home/neo/dev/shx[0m
[91m❌ Pipeline script for 'pipeline' not found.[0m
[93m⚠️ SHX Home Directory already exists at /home/neo/dev/shx[0m
[93m⚠️ SHX Home Directory already exists at /home/neo/dev/shx[0m
[92m✅ Successfully logged out of GitHub.[0m
[93m⚠️ SHX Home Directory already exists at /home/neo/dev/shx[0m
[93m⚠️ SHX Home Directory already exists at /home/neo/dev/shx[0m
[92m✅ GitHub login saved for user: subatomicERROR[0m
[93m⚠️ SHX Home Directory already exists at /home/neo/dev/shx[0m
[93m⚠️ SHX Home Directory already exists at /home/neo/dev/shx[0m
[93m⚠️ SHX Home Directory already exists at /home/neo/dev/shx[0m
[93m⚠️ SHX Home Directory already exists at /home/neo/dev/shx[0m
